Using pre-set license
Built from '2020.3/release' branch; Version is '2020.3.1f1 (77a89f25062f) revision 7841951'; Using compiler version '192528614'; Build Type 'Release'
OS: 'Windows 10 Home; OS build 19041.867; Version 2004; 64bit' Language: 'en' Physical Memory: 7934 MB
BatchMode: 1, IsHumanControllingUs: 0, StartBugReporterOnCrash: 0, Is64bit: 1, IsPro: 0

 COMMAND LINE ARGUMENTS:
C:\Program Files\Unity projects\2020.3.1f1\Editor\Unity.exe
-adb2
-batchMode
-noUpm
-name
AssetImportWorker0
-projectPath
C:/Users/ivani/OneDrive/Рабочий стол/Studies/Unity/Our_Nightmare/Our_Nightmare1
-logFile
Logs/AssetImportWorker0.log
-srvPort
63007
Successfully changed project path to: C:/Users/ivani/OneDrive/Рабочий стол/Studies/Unity/Our_Nightmare/Our_Nightmare1
C:/Users/ivani/OneDrive/Рабочий стол/Studies/Unity/Our_Nightmare/Our_Nightmare1
Using Asset Import Pipeline V2.
Refreshing native plugins compatible for Editor in 28.24 ms, found 0 plugins.
Preloading 0 native plugins for Editor in 0.00 ms.
Initialize engine version: 2020.3.1f1 (77a89f25062f)
[Subsystems] Discovering subsystems at path C:/Program Files/Unity projects/2020.3.1f1/Editor/Data/Resources/UnitySubsystems
[Subsystems] Discovering subsystems at path C:/Users/ivani/OneDrive/Рабочий стол/Studies/Unity/Our_Nightmare/Our_Nightmare1/Assets
GfxDevice: creating device client; threaded=0
Direct3D:
    Version:  Direct3D 11.0 [level 11.1]
    Renderer: Intel(R) UHD Graphics (ID=0x8a56)
    Vendor:   
    VRAM:     3967 MB
    Driver:   27.20.100.8729
Initialize mono
Mono path[0] = 'C:/Program Files/Unity projects/2020.3.1f1/Editor/Data/Managed'
Mono path[1] = 'C:/Program Files/Unity projects/2020.3.1f1/Editor/Data/MonoBleedingEdge/lib/mono/unityjit'
Mono config path = 'C:/Program Files/Unity projects/2020.3.1f1/Editor/Data/MonoBleedingEdge/etc'
Using monoOptions --debugger-agent=transport=dt_socket,embedding=1,server=y,suspend=n,address=127.0.0.1:56916
Begin MonoManager ReloadAssembly
Registering precompiled unity dll's ...
Register platform support module: C:/Program Files/Unity projects/2020.3.1f1/Editor/Data/PlaybackEngines/WindowsStandaloneSupport/UnityEditor.WindowsStandalone.Extensions.dll
Registered in 0.003090 seconds.
Native extension for WindowsStandalone target not found
Refreshing native plugins compatible for Editor in 28.63 ms, found 0 plugins.
Preloading 0 native plugins for Editor in 0.00 ms.
Invoked RoslynAnalysisRunner static constructor.
RoslynAnalysisRunner will not be running.
RoslynAnalysisRunner has terminated.
Mono: successfully reloaded assembly
- Completed reload, in  3.077 seconds
Platform modules already initialized, skipping
Registering precompiled user dll's ...
Registered in 0.002285 seconds.
Begin MonoManager ReloadAssembly
Native extension for WindowsStandalone target not found
Refreshing native plugins compatible for Editor in 0.20 ms, found 0 plugins.
Preloading 0 native plugins for Editor in 0.00 ms.
Invoked RoslynAnalysisRunner static constructor.
RoslynAnalysisRunner will not be running.
RoslynAnalysisRunner has terminated.
Mono: successfully reloaded assembly
- Completed reload, in  0.986 seconds
Platform modules already initialized, skipping
========================================================================
Worker process is ready to serve import requests
Launched and connected shader compiler UnityShaderCompiler.exe after 0.06 seconds
Refreshing native plugins compatible for Editor in 0.21 ms, found 0 plugins.
Preloading 0 native plugins for Editor in 0.00 ms.
Unloading 1116 Unused Serialized files (Serialized files now loaded: 0)
System memory in use before: 57.4 MB.
System memory in use after: 57.5 MB.

Unloading 10 unused Assets to reduce memory usage. Loaded Objects now: 1558.
Total: 1.524100 ms (FindLiveObjects: 0.135000 ms CreateObjectMapping: 0.029800 ms MarkObjects: 1.269700 ms  DeleteObjects: 0.088600 ms)

========================================================================
Received Import Request.
  path: Assets/Scenes/Scene 2 Night.unity
  artifactKey: Guid(c4049f133d2293d48af6487c4c45e2bd) Importer(815301076,1909f56bfc062723c751e8b465ee728b)
Start importing Assets/Scenes/Scene 2 Night.unity using Guid(c4049f133d2293d48af6487c4c45e2bd) Importer(815301076,1909f56bfc062723c751e8b465ee728b)  -> (artifact id: '44b496784b10ee1ece624a418db7162f') in 0.015977 seconds
  Import took 0.018659 seconds .

========================================================================
Received Import Request.
  Time since last request: 0.000230 seconds.
  path: Assets/Scenes
  artifactKey: Guid(653fb3df1a0c1fd49b0a28ee616b06cc) Importer(815301076,1909f56bfc062723c751e8b465ee728b)
Start importing Assets/Scenes using Guid(653fb3df1a0c1fd49b0a28ee616b06cc) Importer(815301076,1909f56bfc062723c751e8b465ee728b)  -> (artifact id: '8aae715c8160331f8d6be7f16a8a53c2') in 0.002554 seconds
  Import took 0.004597 seconds .

========================================================================
Received Import Request.
  Time since last request: 37.905977 seconds.
  path: Assets/Scenes/Scene 1 Day.unity
  artifactKey: Guid(9fc0d4010bbf28b4594072e72b8655ab) Importer(815301076,1909f56bfc062723c751e8b465ee728b)
Start importing Assets/Scenes/Scene 1 Day.unity using Guid(9fc0d4010bbf28b4594072e72b8655ab) Importer(815301076,1909f56bfc062723c751e8b465ee728b)  -> (artifact id: '518a873ad5bf28a391e8d3561e39da14') in 0.008247 seconds
  Import took 0.013288 seconds .

========================================================================
Received Import Request.
  Time since last request: 0.009336 seconds.
  path: Assets/Scenes/Scene 1 Day.unity
  artifactKey: Guid(9fc0d4010bbf28b4594072e72b8655ab) Importer(815301076,1909f56bfc062723c751e8b465ee728b)
Start importing Assets/Scenes/Scene 1 Day.unity using Guid(9fc0d4010bbf28b4594072e72b8655ab) Importer(815301076,1909f56bfc062723c751e8b465ee728b)  -> (artifact id: '518a873ad5bf28a391e8d3561e39da14') in 0.005653 seconds
  Import took 0.008230 seconds .

========================================================================
Received Import Request.
  Time since last request: 88.533079 seconds.
  path: Assets/Scenes/Scene 1 Day.unity
  artifactKey: Guid(9fc0d4010bbf28b4594072e72b8655ab) Importer(815301076,1909f56bfc062723c751e8b465ee728b)
Start importing Assets/Scenes/Scene 1 Day.unity using Guid(9fc0d4010bbf28b4594072e72b8655ab) Importer(815301076,1909f56bfc062723c751e8b465ee728b)  -> (artifact id: '97dd2d6099e6b0e32c7e3cdefb0b4856') in 0.004411 seconds
  Import took 0.007274 seconds .

AssetImportWorkerClient::OnTransportError - code=2 error=End of file
